2024-09-09 18:15:01 [http-nio-8080-exec-3] DEBUG o.s.security.web.FilterChainProxy - Securing POST /api/v1/resources?lang=en
2024-09-09 18:15:01 [http-nio-8080-exec-3] DEBUG o.s.s.w.a.s.ChangeSessionIdAuthenticationStrategy - Changed session id from 33E995BEB15CE0FA596DF3022FAF9BA0
2024-09-09 18:15:01 [http-nio-8080-exec-3] DEBUG o.s.security.web.FilterChainProxy - Secured POST /api/v1/resources?lang=en
2024-09-09 18:15:01 [http-nio-8080-exec-3] DEBUG o.s.s.a.m.AuthorizationManagerBeforeMethodInterceptor - Authorizing method invocation ReflectiveMethodInvocation: public org.springframework.http.ResponseEntity com.sunlingua.sunlinguabackend.controller.LearningResourceController.addResource(com.sunlingua.sunlinguabackend.dto.LearningResourceDTO,java.lang.String); target is of class [com.sunlingua.sunlinguabackend.controller.LearningResourceController]
2024-09-09 18:15:01 [http-nio-8080-exec-3] DEBUG o.s.s.a.m.AuthorizationManagerBeforeMethodInterceptor - Authorized method invocation ReflectiveMethodInvocation: public org.springframework.http.ResponseEntity com.sunlingua.sunlinguabackend.controller.LearningResourceController.addResource(com.sunlingua.sunlinguabackend.dto.LearningResourceDTO,java.lang.String); target is of class [com.sunlingua.sunlinguabackend.controller.LearningResourceController]
2024-09-09 18:15:01 [http-nio-8080-exec-3] INFO  c.s.s.s.LearningResourceService - Adding a new resource: Basic Frenchd Lesson
2024-09-09 18:15:01 [http-nio-8080-exec-3] WARN  c.s.s.s.LearningResourceService - Resource already exists: Basic Frenchd Lesson
2024-09-09 18:15:06 [http-nio-8080-exec-5] DEBUG o.s.security.web.FilterChainProxy - Securing POST /api/v1/resources?lang=en
2024-09-09 18:15:06 [http-nio-8080-exec-5] DEBUG o.s.s.w.a.s.ChangeSessionIdAuthenticationStrategy - Changed session id from 96C29AAEB5C3A33081A098330C22725B
2024-09-09 18:15:06 [http-nio-8080-exec-5] DEBUG o.s.security.web.FilterChainProxy - Secured POST /api/v1/resources?lang=en
2024-09-09 18:15:06 [http-nio-8080-exec-5] DEBUG o.s.s.a.m.AuthorizationManagerBeforeMethodInterceptor - Authorizing method invocation ReflectiveMethodInvocation: public org.springframework.http.ResponseEntity com.sunlingua.sunlinguabackend.controller.LearningResourceController.addResource(com.sunlingua.sunlinguabackend.dto.LearningResourceDTO,java.lang.String); target is of class [com.sunlingua.sunlinguabackend.controller.LearningResourceController]
2024-09-09 18:15:06 [http-nio-8080-exec-5] DEBUG o.s.s.a.m.AuthorizationManagerBeforeMethodInterceptor - Authorized method invocation ReflectiveMethodInvocation: public org.springframework.http.ResponseEntity com.sunlingua.sunlinguabackend.controller.LearningResourceController.addResource(com.sunlingua.sunlinguabackend.dto.LearningResourceDTO,java.lang.String); target is of class [com.sunlingua.sunlinguabackend.controller.LearningResourceController]
2024-09-09 18:15:06 [http-nio-8080-exec-5] INFO  c.s.s.s.LearningResourceService - Adding a new resource: Basic Frenchd Lesson
2024-09-09 18:15:06 [http-nio-8080-exec-5] WARN  c.s.s.s.LearningResourceService - Resource already exists: Basic Frenchd Lesson
2024-09-09 18:15:08 [http-nio-8080-exec-6] DEBUG o.s.security.web.FilterChainProxy - Securing POST /api/v1/resources?lang=en
2024-09-09 18:15:08 [http-nio-8080-exec-6] DEBUG o.s.s.w.a.s.ChangeSessionIdAuthenticationStrategy - Changed session id from 632E3368A406AE835DC2E76E51FD3BF6
2024-09-09 18:15:08 [http-nio-8080-exec-6] DEBUG o.s.security.web.FilterChainProxy - Secured POST /api/v1/resources?lang=en
2024-09-09 18:15:08 [http-nio-8080-exec-6] DEBUG o.s.s.a.m.AuthorizationManagerBeforeMethodInterceptor - Authorizing method invocation ReflectiveMethodInvocation: public org.springframework.http.ResponseEntity com.sunlingua.sunlinguabackend.controller.LearningResourceController.addResource(com.sunlingua.sunlinguabackend.dto.LearningResourceDTO,java.lang.String); target is of class [com.sunlingua.sunlinguabackend.controller.LearningResourceController]
2024-09-09 18:15:08 [http-nio-8080-exec-6] DEBUG o.s.s.a.m.AuthorizationManagerBeforeMethodInterceptor - Authorized method invocation ReflectiveMethodInvocation: public org.springframework.http.ResponseEntity com.sunlingua.sunlinguabackend.controller.LearningResourceController.addResource(com.sunlingua.sunlinguabackend.dto.LearningResourceDTO,java.lang.String); target is of class [com.sunlingua.sunlinguabackend.controller.LearningResourceController]
2024-09-09 18:15:08 [http-nio-8080-exec-6] INFO  c.s.s.s.LearningResourceService - Adding a new resource: Basic Frenchd Lesson
2024-09-09 18:15:08 [http-nio-8080-exec-6] WARN  c.s.s.s.LearningResourceService - Resource already exists: Basic Frenchd Lesson
2024-09-09 18:15:11 [http-nio-8080-exec-8] DEBUG o.s.security.web.FilterChainProxy - Securing POST /api/v1/resources?lang=en
2024-09-09 18:15:11 [http-nio-8080-exec-8] DEBUG o.s.s.w.a.s.ChangeSessionIdAuthenticationStrategy - Changed session id from C60AE33DA2E2CF804B22E07C288CCC1C
2024-09-09 18:15:11 [http-nio-8080-exec-8] DEBUG o.s.security.web.FilterChainProxy - Secured POST /api/v1/resources?lang=en
2024-09-09 18:15:11 [http-nio-8080-exec-8] DEBUG o.s.s.a.m.AuthorizationManagerBeforeMethodInterceptor - Authorizing method invocation ReflectiveMethodInvocation: public org.springframework.http.ResponseEntity com.sunlingua.sunlinguabackend.controller.LearningResourceController.addResource(com.sunlingua.sunlinguabackend.dto.LearningResourceDTO,java.lang.String); target is of class [com.sunlingua.sunlinguabackend.controller.LearningResourceController]
2024-09-09 18:15:11 [http-nio-8080-exec-8] DEBUG o.s.s.a.m.AuthorizationManagerBeforeMethodInterceptor - Authorized method invocation ReflectiveMethodInvocation: public org.springframework.http.ResponseEntity com.sunlingua.sunlinguabackend.controller.LearningResourceController.addResource(com.sunlingua.sunlinguabackend.dto.LearningResourceDTO,java.lang.String); target is of class [com.sunlingua.sunlinguabackend.controller.LearningResourceController]
2024-09-09 18:15:11 [http-nio-8080-exec-8] INFO  c.s.s.s.LearningResourceService - Adding a new resource: Basic Frenchd Lesson
2024-09-09 18:15:11 [http-nio-8080-exec-8] WARN  c.s.s.s.LearningResourceService - Resource already exists: Basic Frenchd Lesson
2024-09-09 18:15:12 [http-nio-8080-exec-4] DEBUG o.s.security.web.FilterChainProxy - Securing POST /api/v1/resources?lang=en
2024-09-09 18:15:12 [http-nio-8080-exec-4] DEBUG o.s.s.w.a.s.ChangeSessionIdAuthenticationStrategy - Changed session id from 9019A8C29AAE9B0AFA9851E6282588DB
2024-09-09 18:15:12 [http-nio-8080-exec-4] DEBUG o.s.security.web.FilterChainProxy - Secured POST /api/v1/resources?lang=en
2024-09-09 18:15:12 [http-nio-8080-exec-4] DEBUG o.s.s.a.m.AuthorizationManagerBeforeMethodInterceptor - Authorizing method invocation ReflectiveMethodInvocation: public org.springframework.http.ResponseEntity com.sunlingua.sunlinguabackend.controller.LearningResourceController.addResource(com.sunlingua.sunlinguabackend.dto.LearningResourceDTO,java.lang.String); target is of class [com.sunlingua.sunlinguabackend.controller.LearningResourceController]
2024-09-09 18:15:12 [http-nio-8080-exec-4] DEBUG o.s.s.a.m.AuthorizationManagerBeforeMethodInterceptor - Authorized method invocation ReflectiveMethodInvocation: public org.springframework.http.ResponseEntity com.sunlingua.sunlinguabackend.controller.LearningResourceController.addResource(com.sunlingua.sunlinguabackend.dto.LearningResourceDTO,java.lang.String); target is of class [com.sunlingua.sunlinguabackend.controller.LearningResourceController]
2024-09-09 18:15:12 [http-nio-8080-exec-4] INFO  c.s.s.s.LearningResourceService - Adding a new resource: Basic Frenchd Lesson
2024-09-09 18:15:12 [http-nio-8080-exec-4] WARN  c.s.s.s.LearningResourceService - Resource already exists: Basic Frenchd Lesson
2024-09-09 18:15:25 [http-nio-8080-exec-7] DEBUG o.s.security.web.FilterChainProxy - Securing POST /api/v1/resources?lang=en
2024-09-09 18:15:25 [http-nio-8080-exec-7] DEBUG o.s.s.w.a.s.ChangeSessionIdAuthenticationStrategy - Changed session id from 18A6F0C40FAEA15A95937E19DFD586B9
2024-09-09 18:15:25 [http-nio-8080-exec-7] DEBUG o.s.security.web.FilterChainProxy - Secured POST /api/v1/resources?lang=en
2024-09-09 18:15:25 [http-nio-8080-exec-7] DEBUG o.s.s.a.m.AuthorizationManagerBeforeMethodInterceptor - Authorizing method invocation ReflectiveMethodInvocation: public org.springframework.http.ResponseEntity com.sunlingua.sunlinguabackend.controller.LearningResourceController.addResource(com.sunlingua.sunlinguabackend.dto.LearningResourceDTO,java.lang.String); target is of class [com.sunlingua.sunlinguabackend.controller.LearningResourceController]
2024-09-09 18:15:25 [http-nio-8080-exec-7] DEBUG o.s.s.a.m.AuthorizationManagerBeforeMethodInterceptor - Authorized method invocation ReflectiveMethodInvocation: public org.springframework.http.ResponseEntity com.sunlingua.sunlinguabackend.controller.LearningResourceController.addResource(com.sunlingua.sunlinguabackend.dto.LearningResourceDTO,java.lang.String); target is of class [com.sunlingua.sunlinguabackend.controller.LearningResourceController]
2024-09-09 18:15:25 [http-nio-8080-exec-7] INFO  c.s.s.s.LearningResourceService - Adding a new resource: Basic Frenchd Lesson
2024-09-09 18:15:25 [http-nio-8080-exec-7] WARN  c.s.s.s.LearningResourceService - Resource already exists: Basic Frenchd Lesson
